app/build/outputs/logs/manifest-merger-debug-report.txt
-- Merging decision tree log ---
manifest
ADDED from src/main/AndroidManifest.xml:2:1-38:12
	package
		ADDED from src/main/AndroidManifest.xml:3:5-33
		INJECTED from src/main/AndroidManifest.xml
		INJECTED from src/main/AndroidManifest.xml
	android:versionName
		ADDED from src/main/AndroidManifest.xml:5:5-30
		INJECTED from src/main/AndroidManifest.xml
		INJECTED from src/main/AndroidManifest.xml
	android:versionCode
		ADDED from src/main/AndroidManifest.xml:4:5-28
		INJECTED from src/main/AndroidManifest.xml
		INJECTED from src/main/AndroidManifest.xml
	xmlns:android
		ADDED from src/main/AndroidManifest.xml:2:11-69
uses-permission#android.permission.INTERNET
ADDED from src/main/AndroidManifest.xml:7:5-67
	android:name
		ADDED from src/main/AndroidManifest.xml:7:22-64
uses-permission#android.permission.WRITE_EXTERNAL_STORAGE
ADDED from src/main/AndroidManifest.xml:8:5-81
	android:name
		ADDED from src/main/AndroidManifest.xml:8:22-78
uses-permission#android.permission.READ_EXTERNAL_STORAGE
ADDED from src/main/AndroidManifest.xml:9:5-80
	android:name
		ADDED from src/main/AndroidManifest.xml:9:22-77
uses-sdk
ADDED from src/main/AndroidManifest.xml:11:5-44
	android:targetSdkVersion
		INJECTED from src/main/AndroidManifest.xml
		INJECTED from src/main/AndroidManifest.xml
	android:minSdkVersion
		ADDED from src/main/AndroidManifest.xml:11:15-41
		INJECTED from src/main/AndroidManifest.xml
		INJECTED from src/main/AndroidManifest.xml
application
ADDED from src/main/AndroidManifest.xml:13:5-36:19
	android:label
		ADDED from src/main/AndroidManifest.xml:15:9-41
	android:icon
		ADDED from src/main/AndroidManifest.xml:14:9-45
	android:name
		ADDED from src/main/AndroidManifest.xml:16:9-28
activity#ua.com.akit.widget.MainActivity
ADDED from src/main/AndroidManifest.xml:17:9-26:20
	android:exported
		ADDED from src/main/AndroidManifest.xml:17:83-106
	android:icon
		ADDED from src/main/AndroidManifest.xml:17:48-82
	android:name
		ADDED from src/main/AndroidManifest.xml:17:19-47
intent-filter#android.intent.action.MAIN+android.intent.category.LAUNCHER
ADDED from src/main/AndroidManifest.xml:18:13-21:29
action#android.intent.action.MAIN
ADDED from src/main/AndroidManifest.xml:19:17-69
	android:name
		ADDED from src/main/AndroidManifest.xml:19:25-66
category#android.intent.category.LAUNCHER
ADDED from src/main/AndroidManifest.xml:20:17-77
	android:name
		ADDED from src/main/AndroidManifest.xml:20:27-74
receiver#ua.com.akit.widget.MyWidgetProvider
ADDED from src/main/AndroidManifest.xml:27:3-35:20
	android:name
		ADDED from src/main/AndroidManifest.xml:27:13-44
intent-filter#android.appwidget.action.APPWIDGET_UPDATE
ADDED from src/main/AndroidManifest.xml:28:13-30:29
action#android.appwidget.action.APPWIDGET_UPDATE
ADDED from src/main/AndroidManifest.xml:29:17-84
	android:name
		ADDED from src/main/AndroidManifest.xml:29:25-81
meta-data#android.appwidget.provider
ADDED from src/main/AndroidManifest.xml:32:13-34:55
	android:resource
		ADDED from src/main/AndroidManifest.xml:34:17-52
	android:name
		ADDED from src/main/AndroidManifest.xml:33:17-58